[04:19:37] [ServerMain/INFO]: Environment: authHost='https://authserver.mojang.com', accountsHost='https://api.mojang.com', sessionHost='https://sessionserver.mojang.com', servicesHost='https://api.minecraftservices.com', name='PROD'
[04:19:40] [ServerMain/WARN]: Ambiguity between arguments [teleport, location] and [teleport, destination] with inputs: [0.1 -0.5 .9, 0 0 0]
[04:19:40] [ServerMain/WARN]: Ambiguity between arguments [teleport, location] and [teleport, targets] with inputs: [0.1 -0.5 .9, 0 0 0]
[04:19:40] [ServerMain/WARN]: Ambiguity between arguments [teleport, destination] and [teleport, targets] with inputs: [Player, 0123, @e, dd12be42-52a9-4a91-a8a1-11c01849e498]
[04:19:40] [ServerMain/WARN]: Ambiguity between arguments [teleport, targets] and [teleport, destination] with inputs: [Player, 0123, dd12be42-52a9-4a91-a8a1-11c01849e498]
[04:19:40] [ServerMain/WARN]: Ambiguity between arguments [teleport, targets, location] and [teleport, targets, destination] with inputs: [0.1 -0.5 .9, 0 0 0]
[04:19:41] [Worker-Main-2/INFO]: Loaded 7 recipes
[04:19:41] [Worker-Main-2/INFO]: Loaded 1141 advancements
[04:19:44] [Server thread/INFO]: Starting minecraft server version 1.18.2
[04:19:44] [Server thread/INFO]: Loading properties
[04:19:44] [Server thread/INFO]: Default game type: SURVIVAL
[04:19:44] [Server thread/INFO]: Generating keypair
[04:19:44] [Server thread/INFO]: Starting Minecraft server on *:25565
[04:19:44] [Server thread/INFO]: Using epoll channel type
[04:19:44] [Server thread/WARN]: **** SERVER IS RUNNING IN OFFLINE/INSECURE MODE!
[04:19:44] [Server thread/WARN]: The server will make no attempt to authenticate usernames. Beware.
[04:19:44] [Server thread/WARN]: While this makes the game possible to play without internet access, it also opens up the ability for hackers to connect with any username they choose.
[04:19:44] [Server thread/WARN]: To change this, set "online-mode" to "true" in the server.properties file.
[04:19:44] [Server thread/INFO]: Preparing level "world"
[04:19:55] [Server thread/INFO]: Preparing start region for dimension minecraft:overworld
[04:19:57] [Worker-Main-2/INFO]: Preparing spawn area: 0%
[04:19:57] [Worker-Main-2/INFO]: Preparing spawn area: 0%
[04:19:57] [Worker-Main-2/INFO]: Preparing spawn area: 0%
[04:19:57] [Worker-Main-2/INFO]: Preparing spawn area: 0%
[04:19:57] [Worker-Main-2/INFO]: Preparing spawn area: 0%
[04:19:57] [Worker-Main-2/INFO]: Preparing spawn area: 0%
[04:19:58] [Worker-Main-2/INFO]: Preparing spawn area: 0%
[04:19:58] [Worker-Main-2/INFO]: Preparing spawn area: 0%
[04:19:59] [Worker-Main-2/INFO]: Preparing spawn area: 0%
[04:19:59] [Worker-Main-2/INFO]: Preparing spawn area: 0%
[04:20:00] [Worker-Main-2/INFO]: Preparing spawn area: 0%
[04:20:00] [Worker-Main-2/INFO]: Preparing spawn area: 0%
[04:20:01] [Worker-Main-2/INFO]: Preparing spawn area: 0%
[04:20:02] [Worker-Main-2/INFO]: Preparing spawn area: 3%
[04:20:02] [Worker-Main-2/INFO]: Preparing spawn area: 5%
[04:20:02] [Worker-Main-2/INFO]: Preparing spawn area: 7%
[04:20:03] [Worker-Main-2/INFO]: Preparing spawn area: 27%
[04:20:03] [Worker-Main-2/INFO]: Preparing spawn area: 44%
[04:20:04] [Worker-Main-2/INFO]: Preparing spawn area: 56%
[04:20:04] [Worker-Main-2/INFO]: Preparing spawn area: 68%
[04:20:05] [Server thread/INFO]: Time elapsed: 10216 ms
[04:20:05] [Server thread/INFO]: Done (20.985s)! For help, type "help"
[04:24:18] [Server thread/INFO]: TheRoloco[/127.145.95.214:47561] logged in with entity id 127 at (9.5, 136.0, 3.5)
[04:24:18] [Server thread/INFO]: TheRoloco joined the game
[04:25:23] [Server thread/INFO]: TheRoloco has made the advancement [Stone Age]
[04:25:34] [Server thread/INFO]: TheRoloco has made the advancement [Getting an Upgrade]
[04:28:52] [Server thread/INFO]: TheRoloco has made the advancement [Monster Hunter]
[04:33:50] [Server thread/INFO]: TheRoloco has made the advancement [Acquire Hardware]
[04:34:54] [Server thread/INFO]: TheRoloco has made the advancement [Isn't It Iron Pick]
[04:36:12] [Server thread/INFO]: TheRoloco lost connection: Disconnected
[04:36:12] [Server thread/INFO]: TheRoloco left the game
